<?xml version="1.0" encoding="UTF-8"?>
<testng-results skipped="0" failed="1" ignored="1" total="5" passed="3">
  <reporter-output>
  </reporter-output>
  <suite name="DarkSKy Test Sanity Suite" duration-ms="91818" started-at="2019-12-09T05:59:26Z" finished-at="2019-12-09T06:00:58Z">
    <groups>
    </groups>
    <test name="DarkSky Sanity Test" duration-ms="91818" started-at="2019-12-09T05:59:26Z" finished-at="2019-12-09T06:00:58Z">
      <class name="net.darksky.test.DarkSkyAssingmentTreeTest">
        <test-method status="PASS" signature="setUp()[pri:0, instance:net.darksky.test.DarkSkyAssingmentTreeTest@146ba0ac]" name="setUp" is-config="true" duration-ms="19438" started-at="2019-12-09T06:00:03Z" finished-at="2019-12-09T06:00:23Z">
          <reporter-output>
          </reporter-output>
        </test-method> <!-- setUp -->
        <test-method status="PASS" signature="verifyTimeZone()[pri:0, instance:net.darksky.test.DarkSkyAssingmentTreeTest@146ba0ac]" name="verifyTimeZone" duration-ms="5215" started-at="2019-12-09T06:00:23Z" finished-at="2019-12-09T06:00:28Z">
          <reporter-output>
          </reporter-output>
        </test-method> <!-- verifyTimeZone -->
      </class> <!-- net.darksky.test.DarkSkyAssingmentTreeTest -->
      <class name="net.darksky.test.MainPageTest">
        <test-method status="PASS" signature="setUp()[pri:0, instance:net.darksky.test.MainPageTest@e25b2fe]" name="setUp" is-config="true" duration-ms="9707" started-at="2019-12-09T05:59:26Z" finished-at="2019-12-09T05:59:36Z">
          <reporter-output>
          </reporter-output>
        </test-method> <!-- setUp -->
        <test-method status="PASS" signature="getTitle()[pri:0, instance:net.darksky.test.MainPageTest@e25b2fe]" name="getTitle" duration-ms="11356" started-at="2019-12-09T05:59:36Z" finished-at="2019-12-09T05:59:47Z">
          <reporter-output>
          </reporter-output>
        </test-method> <!-- getTitle -->
      </class> <!-- net.darksky.test.MainPageTest -->
      <class name="net.darksky.test.DarkSkyTestFourTest">
        <test-method status="PASS" signature="setUp()[pri:0, instance:net.darksky.test.DarkSkyTestFourTest@4dfa3a9d]" name="setUp" is-config="true" duration-ms="7350" started-at="2019-12-09T06:00:28Z" finished-at="2019-12-09T06:00:35Z">
          <reporter-output>
          </reporter-output>
        </test-method> <!-- setUp -->
        <test-method status="FAIL" signature="checkEmail()[pri:0, instance:net.darksky.test.DarkSkyTestFourTest@4dfa3a9d]" name="checkEmail" duration-ms="22711" started-at="2019-12-09T06:00:35Z" finished-at="2019-12-09T06:00:58Z">
          <exception class="org.openqa.selenium.NoSuchElementException">
            <message>
              <![CDATA[no such element: Unable to locate element: {"method":"css selector","selector":"#LPlnk819273"}
  (Session info: chrome=78.0.3904.108)
For documentation on this error, please visit: https://www.seleniumhq.org/exceptions/no_such_element.html
Build info: version: '3.141.59', revision: 'e82be7d358', time: '2018-11-14T08:17:03'
System info: host: 'Rtys-MacBook-Pro.local', ip: '2600:8807:3202:f300:14de:7b31:306c:bae7%en0', os.name: 'Mac OS X', os.arch: 'x86_64', os.version: '10.14.6', java.version: '1.8.0_221'
Driver info: org.openqa.selenium.chrome.ChromeDriver
Capabilities {acceptInsecureCerts: false, browserName: chrome, browserVersion: 78.0.3904.108, chrome: {chromedriverVersion: 78.0.3904.105 (60e2d8774a81..., userDataDir: /var/folders/cm/hf21dqlx1h7...}, goog:chromeOptions: {debuggerAddress: localhost:52243}, javascriptEnabled: true, networkConnectionEnabled: false, pageLoadStrategy: normal, platform: MAC, platformName: MAC, proxy: Proxy(), setWindowRect: true, strictFileInteractability: false, timeouts: {implicit: 0, pageLoad: 300000, script: 30000}, unhandledPromptBehavior: dismiss and notify}
Session ID: 94ad62ba25152b2a93a94001dd388f30
*** Element info: {Using=id, value=LPlnk819273}]]>
            </message>
            <full-stacktrace>
              <![CDATA[org.openqa.selenium.NoSuchElementException: no such element: Unable to locate element: {"method":"css selector","selector":"#LPlnk819273"}
  (Session info: chrome=78.0.3904.108)
For documentation on this error, please visit: https://www.seleniumhq.org/exceptions/no_such_element.html
Build info: version: '3.141.59', revision: 'e82be7d358', time: '2018-11-14T08:17:03'
System info: host: 'Rtys-MacBook-Pro.local', ip: '2600:8807:3202:f300:14de:7b31:306c:bae7%en0', os.name: 'Mac OS X', os.arch: 'x86_64', os.version: '10.14.6', java.version: '1.8.0_221'
Driver info: org.openqa.selenium.chrome.ChromeDriver
Capabilities {acceptInsecureCerts: false, browserName: chrome, browserVersion: 78.0.3904.108, chrome: {chromedriverVersion: 78.0.3904.105 (60e2d8774a81..., userDataDir: /var/folders/cm/hf21dqlx1h7...}, goog:chromeOptions: {debuggerAddress: localhost:52243}, javascriptEnabled: true, networkConnectionEnabled: false, pageLoadStrategy: normal, platform: MAC, platformName: MAC, proxy: Proxy(), setWindowRect: true, strictFileInteractability: false, timeouts: {implicit: 0, pageLoad: 300000, script: 30000}, unhandledPromptBehavior: dismiss and notify}
Session ID: 94ad62ba25152b2a93a94001dd388f30
*** Element info: {Using=id, value=LPlnk819273}
at sun.reflect.NativeConstructorAccessorImpl.newInstance0(Native Method)
at sun.reflect.NativeConstructorAccessorImpl.newInstance(NativeConstructorAccessorImpl.java:62)
at sun.reflect.DelegatingConstructorAccessorImpl.newInstance(DelegatingConstructorAccessorImpl.java:45)
at java.lang.reflect.Constructor.newInstance(Constructor.java:423)
at org.openqa.selenium.remote.http.W3CHttpResponseCodec.createException(W3CHttpResponseCodec.java:187)
at org.openqa.selenium.remote.http.W3CHttpResponseCodec.decode(W3CHttpResponseCodec.java:122)
at org.openqa.selenium.remote.http.W3CHttpResponseCodec.decode(W3CHttpResponseCodec.java:49)
at org.openqa.selenium.remote.HttpCommandExecutor.execute(HttpCommandExecutor.java:158)
at org.openqa.selenium.remote.service.DriverCommandExecutor.execute(DriverCommandExecutor.java:83)
at org.openqa.selenium.remote.RemoteWebDriver.execute(RemoteWebDriver.java:552)
at org.openqa.selenium.remote.RemoteWebDriver.findElement(RemoteWebDriver.java:323)
at org.openqa.selenium.remote.RemoteWebDriver.findElementById(RemoteWebDriver.java:372)
at org.openqa.selenium.By$ById.findElement(By.java:188)
at org.openqa.selenium.remote.RemoteWebDriver.findElement(RemoteWebDriver.java:315)
at net.darksky.base.BasePage.navigateMyEmail(BasePage.java:102)
at net.darksky.test.DarkSkyTestFourTest.checkEmail(DarkSkyTestFourTest.java:40)
at sun.reflect.NativeMethodAccessorImpl.invoke0(Native Method)
at sun.reflect.NativeMethodAccessorImpl.invoke(NativeMethodAccessorImpl.java:62)
at sun.reflect.DelegatingMethodAccessorImpl.invoke(DelegatingMethodAccessorImpl.java:43)
at java.lang.reflect.Method.invoke(Method.java:498)
at org.testng.internal.MethodInvocationHelper.invokeMethod(MethodInvocationHelper.java:124)
at org.testng.internal.Invoker.invokeMethod(Invoker.java:583)
at org.testng.internal.Invoker.invokeTestMethod(Invoker.java:719)
at org.testng.internal.Invoker.invokeTestMethods(Invoker.java:989)
at org.testng.internal.TestMethodWorker.invokeTestMethods(TestMethodWorker.java:125)
at org.testng.internal.TestMethodWorker.run(TestMethodWorker.java:109)
at org.testng.TestRunner.privateRun(TestRunner.java:648)
at org.testng.TestRunner.run(TestRunner.java:505)
at org.testng.SuiteRunner.runTest(SuiteRunner.java:455)
at org.testng.SuiteRunner.runSequentially(SuiteRunner.java:450)
at org.testng.SuiteRunner.privateRun(SuiteRunner.java:415)
at org.testng.SuiteRunner.run(SuiteRunner.java:364)
at org.testng.SuiteRunnerWorker.runSuite(SuiteRunnerWorker.java:52)
at org.testng.SuiteRunnerWorker.run(SuiteRunnerWorker.java:84)
at org.testng.TestNG.runSuitesSequentially(TestNG.java:1208)
at org.testng.TestNG.runSuitesLocally(TestNG.java:1137)
at org.testng.TestNG.runSuites(TestNG.java:1049)
at org.testng.TestNG.run(TestNG.java:1017)
at org.testng.remote.AbstractRemoteTestNG.run(AbstractRemoteTestNG.java:114)
at org.testng.remote.RemoteTestNG.initAndRun(RemoteTestNG.java:251)
at org.testng.remote.RemoteTestNG.main(RemoteTestNG.java:77)
]]>
            </full-stacktrace>
          </exception> <!-- org.openqa.selenium.NoSuchElementException -->
          <reporter-output>
          </reporter-output>
        </test-method> <!-- checkEmail -->
      </class> <!-- net.darksky.test.DarkSkyTestFourTest -->
      <class name="net.darksky.test.DarkskyTest2Test">
        <test-method status="PASS" signature="setUp()[pri:0, instance:net.darksky.test.DarkskyTest2Test@754ba872]" name="setUp" is-config="true" duration-ms="7098" started-at="2019-12-09T05:59:47Z" finished-at="2019-12-09T05:59:54Z">
          <reporter-output>
          </reporter-output>
        </test-method> <!-- setUp -->
        <test-method status="PASS" signature="Assingment2()[pri:0, instance:net.darksky.test.DarkskyTest2Test@754ba872]" name="Assingment2" duration-ms="8920" started-at="2019-12-09T05:59:54Z" description="Getting 4Am temp" finished-at="2019-12-09T06:00:03Z">
          <reporter-output>
          </reporter-output>
        </test-method> <!-- Assingment2 -->
      </class> <!-- net.darksky.test.DarkskyTest2Test -->
    </test> <!-- DarkSky Sanity Test -->
  </suite> <!-- DarkSKy Test Sanity Suite -->
</testng-results>
